0 verbose cli C:\Program Files\nodejs\node.exe C:\Program Files\nodejs\node_modules\npm\bin\npm-cli.js
1 info using npm@11.11.0
2 info using node@v24.14.1
3 silly config load:file:C:\Program Files\nodejs\node_modules\npm\npmrc
4 silly config load:file:D:\Portfolio\.npmrc
5 silly config load:file:D:\Portfolio\.appdata\npm\etc\npmrc
6 verbose title npm exec create-next-app@latest scaffold-temp --ts --tailwind --eslint --app --use-npm --yes --import-alias @/* --disable-git
7 verbose argv "exec" "--cache" ".npm-cache" "--" "create-next-app@latest" "scaffold-temp" "--ts" "--tailwind" "--eslint" "--app" "--use-npm" "--yes" "--import-alias" "@/*" "--disable-git"
8 verbose logfile logs-max:10 dir:D:\Portfolio\.npm-cache\_logs\2026-04-23T16_18_37_319Z-
9 verbose logfile D:\Portfolio\.npm-cache\_logs\2026-04-23T16_18_37_319Z-debug-0.log
10 silly logfile done cleaning log files
11 silly packumentCache heap:4496293888 maxSize:1124073472 maxEntrySize:562036736
12 http fetch GET 200 https://registry.npmjs.org/create-next-app 160ms (cache revalidated)
13 silly packumentCache heap:4496293888 maxSize:1124073472 maxEntrySize:562036736
14 verbose Could not read global path D:\Portfolio\.appdata\npm, ignoring
15 silly packumentCache heap:4496293888 maxSize:1124073472 maxEntrySize:562036736
16 verbose cwd D:\Portfolio
17 verbose os Windows_NT 10.0.26200
18 verbose node v24.14.1
19 verbose npm  v11.11.0
20 verbose exit 0
21 info ok
