0 verbose cli C:\Program Files\nodejs\node.exe C:\Program Files\nodejs\node_modules\npm\bin\npm-cli.js
1 info using npm@11.11.0
2 info using node@v24.14.1
3 silly config load:file:C:\Program Files\nodejs\node_modules\npm\npmrc
4 silly config load:file:D:\Portfolio\.npmrc
5 silly config load:file:C:\Users\shafa\.npmrc
6 silly config load:file:C:\Users\shafa\AppData\Roaming\npm\etc\npmrc
7 verbose title npm exec create-next-app@latest --help
8 verbose argv "exec" "--cache" ".npm-cache" "--" "create-next-app@latest" "--help"
9 verbose logfile logs-max:10 dir:D:\Portfolio\.npm-cache\_logs\2026-04-23T16_17_56_073Z-
10 verbose logfile D:\Portfolio\.npm-cache\_logs\2026-04-23T16_17_56_073Z-debug-0.log
11 silly logfile done cleaning log files
12 silly packumentCache heap:4496293888 maxSize:1124073472 maxEntrySize:562036736
13 http fetch GET 200 https://registry.npmjs.org/npm 245ms
14 http fetch GET 200 https://registry.npmjs.org/create-next-app 803ms (cache miss)
15 silly packumentCache heap:4496293888 maxSize:1124073472 maxEntrySize:562036736
16 silly packumentCache heap:4496293888 maxSize:1124073472 maxEntrySize:562036736
17 warn exec The following package was not found and will be installed: create-next-app@16.2.4
18 silly idealTree buildDeps
19 silly fetch manifest create-next-app@16.2.4
20 silly packumentCache full:https://registry.npmjs.org/create-next-app cache-miss
21 http fetch GET 200 https://registry.npmjs.org/create-next-app 5371ms (cache miss)
22 silly packumentCache full:https://registry.npmjs.org/create-next-app set size:undefined disposed:false
23 silly placeDep ROOT create-next-app@16.2.4 OK for:  want: 16.2.4
24 silly reify moves {}
25 silly audit bulk request { 'create-next-app': [ '16.2.4' ] }
26 http cache create-next-app@https://registry.npmjs.org/create-next-app/-/create-next-app-16.2.4.tgz 0ms (cache hit)
27 silly tarball no local data for create-next-app@https://registry.npmjs.org/create-next-app/-/create-next-app-16.2.4.tgz. Extracting by manifest.
28 http fetch POST 200 https://registry.npmjs.org/-/npm/v1/security/advisories/bulk 421ms
29 silly audit report {}
30 http fetch GET 200 https://registry.npmjs.org/create-next-app/-/create-next-app-16.2.4.tgz 829ms (cache miss)
31 verbose cwd D:\Portfolio
32 verbose os Windows_NT 10.0.26200
33 verbose node v24.14.1
34 verbose npm  v11.11.0
35 notice
35 notice New minor version of npm available! 11.11.0 -> 11.13.0
35 notice Changelog: https://github.com/npm/cli/releases/tag/v11.13.0
35 notice To update run: npm install -g npm@11.13.0
35 notice  { force: true, Symbol(proc-log.meta): true }
36 verbose exit 0
37 info ok
