0 verbose cli C:\Program Files\nodejs\node.exe C:\Program Files\nodejs\node_modules\npm\bin\npm-cli.js
1 info using npm@11.11.0
2 info using node@v24.14.1
3 silly config load:file:C:\Program Files\nodejs\node_modules\npm\npmrc
4 silly config load:file:D:\Portfolio\.npmrc
5 silly config load:file:D:\Portfolio\.appdata\npm\etc\npmrc
6 verbose title npm install tailwindcss@3 postcss autoprefixer prettier prettier-plugin-tailwindcss
7 verbose argv "install" "--save-dev" "tailwindcss@3" "postcss" "autoprefixer" "prettier" "prettier-plugin-tailwindcss"
8 verbose logfile logs-max:10 dir:D:\Portfolio\.localappdata\npm-cache\_logs\2026-04-23T16_46_03_820Z-
9 verbose logfile D:\Portfolio\.localappdata\npm-cache\_logs\2026-04-23T16_46_03_820Z-debug-0.log
10 silly logfile done cleaning log files
11 silly packumentCache heap:4496293888 maxSize:1124073472 maxEntrySize:562036736
12 silly idealTree buildDeps
13 silly fetch manifest tailwindcss@3
14 silly packumentCache full:https://registry.npmjs.org/tailwindcss cache-miss
15 http fetch GET 200 https://registry.npmjs.org/tailwindcss 495ms (cache revalidated)
16 silly packumentCache full:https://registry.npmjs.org/tailwindcss set size:10370953 disposed:false
17 silly fetch manifest postcss@*
18 silly packumentCache full:https://registry.npmjs.org/postcss cache-miss
19 http cache https://registry.npmjs.org/postcss 22ms (cache hit)
20 silly packumentCache full:https://registry.npmjs.org/postcss set size:708244 disposed:false
21 silly fetch manifest autoprefixer@*
22 silly packumentCache full:https://registry.npmjs.org/autoprefixer cache-miss
23 http fetch GET 200 https://registry.npmjs.org/autoprefixer 306ms (cache revalidated)
24 silly packumentCache full:https://registry.npmjs.org/autoprefixer set size:1319426 disposed:false
25 silly fetch manifest prettier@*
26 silly packumentCache full:https://registry.npmjs.org/prettier cache-miss
27 http fetch GET 200 https://registry.npmjs.org/prettier 313ms (cache revalidated)
28 silly packumentCache full:https://registry.npmjs.org/prettier set size:665088 disposed:false
29 silly fetch manifest prettier-plugin-tailwindcss@*
30 silly packumentCache full:https://registry.npmjs.org/prettier-plugin-tailwindcss cache-miss
31 http fetch GET 200 https://registry.npmjs.org/prettier-plugin-tailwindcss 314ms (cache revalidated)
32 silly packumentCache full:https://registry.npmjs.org/prettier-plugin-tailwindcss set size:1256310 disposed:false
33 silly fetch manifest @ianvs/prettier-plugin-sort-imports@*
34 silly packumentCache full:https://registry.npmjs.org/@ianvs%2fprettier-plugin-sort-imports cache-miss
35 http fetch GET 200 https://registry.npmjs.org/@ianvs%2fprettier-plugin-sort-imports 968ms (cache revalidated)
36 silly packumentCache full:https://registry.npmjs.org/@ianvs%2fprettier-plugin-sort-imports set size:159151 disposed:false
37 silly fetch manifest @prettier/plugin-oxc@^0.0.4 || ^0.1.0
38 silly packumentCache full:https://registry.npmjs.org/@prettier%2fplugin-oxc cache-miss
39 http fetch GET 200 https://registry.npmjs.org/@prettier%2fplugin-oxc 970ms (cache revalidated)
40 silly packumentCache full:https://registry.npmjs.org/@prettier%2fplugin-oxc set size:26211 disposed:false
41 silly fetch manifest @vue/compiler-sfc@2.7.x || 3.x
42 silly packumentCache full:https://registry.npmjs.org/@vue%2fcompiler-sfc cache-miss
43 http fetch GET 200 https://registry.npmjs.org/@vue%2fcompiler-sfc 972ms (cache revalidated)
44 silly packumentCache full:https://registry.npmjs.org/@vue%2fcompiler-sfc set size:968810 disposed:false
45 silly fetch manifest content-tag@^4.0.0
46 silly packumentCache full:https://registry.npmjs.org/content-tag cache-miss
47 http fetch GET 200 https://registry.npmjs.org/content-tag 304ms (cache revalidated)
48 silly packumentCache full:https://registry.npmjs.org/content-tag set size:49602 disposed:false
49 silly fetch manifest prettier-plugin-ember-template-tag@^2.1.0
50 silly packumentCache full:https://registry.npmjs.org/prettier-plugin-ember-template-tag cache-miss
51 http fetch GET 200 https://registry.npmjs.org/prettier-plugin-ember-template-tag 292ms (cache revalidated)
52 silly packumentCache full:https://registry.npmjs.org/prettier-plugin-ember-template-tag set size:130533 disposed:false
53 silly fetch manifest @prettier/plugin-hermes@*
54 silly packumentCache full:https://registry.npmjs.org/@prettier%2fplugin-hermes cache-miss
55 http fetch GET 200 https://registry.npmjs.org/@prettier%2fplugin-hermes 892ms (cache revalidated)
56 silly packumentCache full:https://registry.npmjs.org/@prettier%2fplugin-hermes set size:18790 disposed:false
57 silly fetch manifest @prettier/plugin-pug@*
58 silly packumentCache full:https://registry.npmjs.org/@prettier%2fplugin-pug cache-miss
59 http fetch GET 200 https://registry.npmjs.org/@prettier%2fplugin-pug 1531ms (cache revalidated)
60 silly packumentCache full:https://registry.npmjs.org/@prettier%2fplugin-pug set size:422754 disposed:false
61 silly fetch manifest @shopify/prettier-plugin-liquid@*
62 silly packumentCache full:https://registry.npmjs.org/@shopify%2fprettier-plugin-liquid cache-miss
63 http fetch GET 200 https://registry.npmjs.org/@shopify%2fprettier-plugin-liquid 972ms (cache revalidated)
64 silly packumentCache full:https://registry.npmjs.org/@shopify%2fprettier-plugin-liquid set size:251900 disposed:false
65 silly fetch manifest @trivago/prettier-plugin-sort-imports@*
66 silly packumentCache full:https://registry.npmjs.org/@trivago%2fprettier-plugin-sort-imports cache-miss
67 http fetch GET 200 https://registry.npmjs.org/@trivago%2fprettier-plugin-sort-imports 1704ms (cache revalidated)
68 silly packumentCache full:https://registry.npmjs.org/@trivago%2fprettier-plugin-sort-imports set size:156744 disposed:false
69 silly fetch manifest prettier-plugin-svelte@3.x
70 silly packumentCache full:https://registry.npmjs.org/prettier-plugin-svelte cache-miss
71 http fetch GET 200 https://registry.npmjs.org/prettier-plugin-svelte 979ms (cache revalidated)
72 silly packumentCache full:https://registry.npmjs.org/prettier-plugin-svelte set size:194006 disposed:false
73 silly fetch manifest svelte@^3.2.0 || ^4.0.0-next.0 || ^5.0.0-next.0
74 silly packumentCache full:https://registry.npmjs.org/svelte cache-miss
75 http fetch GET 200 https://registry.npmjs.org/svelte 297ms (cache revalidated)
76 silly packumentCache full:https://registry.npmjs.org/svelte set size:4694755 disposed:false
77 silly fetch manifest @zackad/prettier-plugin-twig@*
78 silly packumentCache full:https://registry.npmjs.org/@zackad%2fprettier-plugin-twig cache-miss
79 http fetch GET 200 https://registry.npmjs.org/@zackad%2fprettier-plugin-twig 1229ms (cache revalidated)
80 silly packumentCache full:https://registry.npmjs.org/@zackad%2fprettier-plugin-twig set size:50923 disposed:false
81 silly fetch manifest prettier-plugin-astro@*
82 silly packumentCache full:https://registry.npmjs.org/prettier-plugin-astro cache-miss
83 http fetch GET 200 https://registry.npmjs.org/prettier-plugin-astro 519ms (cache revalidated)
84 silly packumentCache full:https://registry.npmjs.org/prettier-plugin-astro set size:143154 disposed:false
85 silly fetch manifest prettier-plugin-css-order@*
86 silly packumentCache full:https://registry.npmjs.org/prettier-plugin-css-order cache-miss
87 http fetch GET 200 https://registry.npmjs.org/prettier-plugin-css-order 287ms (cache revalidated)
88 silly packumentCache full:https://registry.npmjs.org/prettier-plugin-css-order set size:27601 disposed:false
89 silly fetch manifest prettier-plugin-jsdoc@*
90 silly packumentCache full:https://registry.npmjs.org/prettier-plugin-jsdoc cache-miss
91 http fetch GET 200 https://registry.npmjs.org/prettier-plugin-jsdoc 300ms (cache revalidated)
92 silly packumentCache full:https://registry.npmjs.org/prettier-plugin-jsdoc set size:443961 disposed:false
93 silly fetch manifest prettier-plugin-marko@*
94 silly packumentCache full:https://registry.npmjs.org/prettier-plugin-marko cache-miss
95 http fetch GET 200 https://registry.npmjs.org/prettier-plugin-marko 309ms (cache revalidated)
96 silly packumentCache full:https://registry.npmjs.org/prettier-plugin-marko set size:248503 disposed:false
97 silly fetch manifest prettier-plugin-multiline-arrays@*
98 silly packumentCache full:https://registry.npmjs.org/prettier-plugin-multiline-arrays cache-miss
99 http fetch GET 200 https://registry.npmjs.org/prettier-plugin-multiline-arrays 303ms (cache revalidated)
100 silly packumentCache full:https://registry.npmjs.org/prettier-plugin-multiline-arrays set size:135716 disposed:false
101 silly fetch manifest prettier-plugin-organize-attributes@*
102 silly packumentCache full:https://registry.npmjs.org/prettier-plugin-organize-attributes cache-miss
103 http fetch GET 200 https://registry.npmjs.org/prettier-plugin-organize-attributes 304ms (cache revalidated)
104 silly packumentCache full:https://registry.npmjs.org/prettier-plugin-organize-attributes set size:24634 disposed:false
105 silly fetch manifest prettier-plugin-organize-imports@*
106 silly packumentCache full:https://registry.npmjs.org/prettier-plugin-organize-imports cache-miss
107 http fetch GET 200 https://registry.npmjs.org/prettier-plugin-organize-imports 322ms (cache revalidated)
108 silly packumentCache full:https://registry.npmjs.org/prettier-plugin-organize-imports set size:92386 disposed:false
109 silly fetch manifest typescript@^5
110 silly packumentCache full:https://registry.npmjs.org/typescript cache-miss
111 http cache https://registry.npmjs.org/typescript 49ms (cache hit)
112 silly packumentCache full:https://registry.npmjs.org/typescript set size:15409943 disposed:false
113 silly fetch manifest vue-tsc@^2.1.0 || 3
114 silly packumentCache full:https://registry.npmjs.org/vue-tsc cache-miss
115 http fetch GET 200 https://registry.npmjs.org/vue-tsc 301ms (cache revalidated)
116 silly packumentCache full:https://registry.npmjs.org/vue-tsc set size:741889 disposed:false
117 silly fetch manifest prettier-plugin-sort-imports@*
118 silly packumentCache full:https://registry.npmjs.org/prettier-plugin-sort-imports cache-miss
119 http fetch GET 200 https://registry.npmjs.org/prettier-plugin-sort-imports 289ms (cache revalidated)
120 silly packumentCache full:https://registry.npmjs.org/prettier-plugin-sort-imports set size:119955 disposed:false
121 silly placeDep ROOT autoprefixer@10.5.0 OK for: portfolio@0.1.0 want: *
122 silly placeDep ROOT postcss@8.5.10 REPLACE for: portfolio@0.1.0 want: *
123 silly placeDep ROOT prettier@3.8.3 OK for: portfolio@0.1.0 want: *
124 silly placeDep ROOT prettier-plugin-tailwindcss@0.0.0-insiders.f7d2598 OK for: portfolio@0.1.0 want: *
125 silly placeDep ROOT tailwindcss@3.4.19 OK for: portfolio@0.1.0 want: 3
126 silly fetch manifest fraction.js@^5.3.4
127 silly packumentCache full:https://registry.npmjs.org/fraction.js cache-miss
128 silly fetch manifest postcss-value-parser@^4.2.0
129 silly packumentCache full:https://registry.npmjs.org/postcss-value-parser cache-miss
130 silly fetch manifest arg@^5.0.2
131 silly packumentCache full:https://registry.npmjs.org/arg cache-miss
132 silly fetch manifest dlv@^1.1.3
133 silly packumentCache full:https://registry.npmjs.org/dlv cache-miss
134 silly fetch manifest jiti@^1.21.7
135 silly packumentCache full:https://registry.npmjs.org/jiti cache-miss
136 silly fetch manifest resolve@^1.22.8
137 silly packumentCache full:https://registry.npmjs.org/resolve cache-miss
138 silly fetch manifest sucrase@^3.35.0
139 silly packumentCache full:https://registry.npmjs.org/sucrase cache-miss
140 http cache https://registry.npmjs.org/resolve 23ms (cache hit)
141 silly packumentCache full:https://registry.npmjs.org/resolve set size:252941 disposed:false
142 silly fetch manifest chokidar@^3.6.0
143 silly packumentCache full:https://registry.npmjs.org/chokidar cache-miss
144 http cache https://registry.npmjs.org/jiti 31ms (cache hit)
145 silly packumentCache full:https://registry.npmjs.org/jiti set size:382310 disposed:false
146 silly fetch manifest fast-glob@^3.3.2
147 silly packumentCache full:https://registry.npmjs.org/fast-glob cache-miss
148 http cache https://registry.npmjs.org/fast-glob 26ms (cache hit)
149 silly packumentCache full:https://registry.npmjs.org/fast-glob set size:220556 disposed:false
150 silly fetch manifest lilconfig@^3.1.3
151 silly packumentCache full:https://registry.npmjs.org/lilconfig cache-miss
152 http fetch GET 200 https://registry.npmjs.org/chokidar 76ms (cache revalidated)
153 silly packumentCache full:https://registry.npmjs.org/chokidar set size:255902 disposed:false
154 silly fetch manifest didyoumean@^1.2.2
155 silly packumentCache full:https://registry.npmjs.org/didyoumean cache-miss
156 http fetch GET 200 https://registry.npmjs.org/postcss-value-parser 302ms (cache revalidated)
157 silly packumentCache full:https://registry.npmjs.org/postcss-value-parser set size:73484 disposed:false
158 silly fetch manifest postcss-js@^4.0.1
159 silly packumentCache full:https://registry.npmjs.org/postcss-js cache-miss
160 http fetch GET 200 https://registry.npmjs.org/arg 336ms (cache revalidated)
161 silly packumentCache full:https://registry.npmjs.org/arg set size:67036 disposed:false
162 silly fetch manifest object-hash@^3.0.0
163 silly packumentCache full:https://registry.npmjs.org/object-hash cache-miss
164 http fetch GET 200 https://registry.npmjs.org/fraction.js 343ms (cache revalidated)
165 silly packumentCache full:https://registry.npmjs.org/fraction.js set size:149386 disposed:false
166 silly fetch manifest normalize-path@^3.0.0
167 silly packumentCache full:https://registry.npmjs.org/normalize-path cache-miss
168 http fetch GET 200 https://registry.npmjs.org/sucrase 353ms (cache revalidated)
169 silly packumentCache full:https://registry.npmjs.org/sucrase set size:449399 disposed:false
170 silly fetch manifest postcss-import@^15.1.0
171 silly packumentCache full:https://registry.npmjs.org/postcss-import cache-miss
172 http fetch GET 200 https://registry.npmjs.org/dlv 361ms (cache revalidated)
173 silly packumentCache full:https://registry.npmjs.org/dlv set size:16709 disposed:false
174 silly fetch manifest postcss-nested@^6.2.0
175 silly packumentCache full:https://registry.npmjs.org/postcss-nested cache-miss
176 http fetch GET 200 https://registry.npmjs.org/lilconfig 341ms (cache revalidated)
177 silly packumentCache full:https://registry.npmjs.org/lilconfig set size:45636 disposed:false
178 silly fetch manifest @alloc/quick-lru@^5.2.0
179 silly packumentCache full:https://registry.npmjs.org/@alloc%2fquick-lru cache-miss
180 http fetch GET 200 https://registry.npmjs.org/didyoumean 302ms (cache revalidated)
181 silly packumentCache full:https://registry.npmjs.org/didyoumean set size:11446 disposed:false
182 silly fetch manifest postcss-load-config@^4.0.2 || ^5.0 || ^6.0
183 silly packumentCache full:https://registry.npmjs.org/postcss-load-config cache-miss
184 http fetch GET 200 https://registry.npmjs.org/postcss-js 286ms (cache revalidated)
185 silly packumentCache full:https://registry.npmjs.org/postcss-js set size:51308 disposed:false
186 silly fetch manifest postcss-selector-parser@^6.1.2
187 silly packumentCache full:https://registry.npmjs.org/postcss-selector-parser cache-miss
188 http fetch GET 200 https://registry.npmjs.org/object-hash 314ms (cache revalidated)
189 silly packumentCache full:https://registry.npmjs.org/object-hash set size:100564 disposed:false
190 http fetch GET 200 https://registry.npmjs.org/normalize-path 310ms (cache revalidated)
191 silly packumentCache full:https://registry.npmjs.org/normalize-path set size:28713 disposed:false
192 http fetch GET 200 https://registry.npmjs.org/postcss-nested 303ms (cache revalidated)
193 silly packumentCache full:https://registry.npmjs.org/postcss-nested set size:79120 disposed:false
194 http fetch GET 200 https://registry.npmjs.org/postcss-import 323ms (cache revalidated)
195 silly packumentCache full:https://registry.npmjs.org/postcss-import set size:120971 disposed:false
196 http fetch GET 200 https://registry.npmjs.org/postcss-load-config 307ms (cache revalidated)
197 silly packumentCache full:https://registry.npmjs.org/postcss-load-config set size:86425 disposed:false
198 http fetch GET 200 https://registry.npmjs.org/@alloc%2fquick-lru 976ms (cache revalidated)
199 silly packumentCache full:https://registry.npmjs.org/@alloc%2fquick-lru set size:7269 disposed:false
200 http fetch GET 200 https://registry.npmjs.org/postcss-selector-parser 828ms (cache revalidated)
201 silly packumentCache full:https://registry.npmjs.org/postcss-selector-parser set size:177140 disposed:false
202 silly placeDep ROOT fraction.js@5.3.4 OK for: autoprefixer@10.5.0 want: ^5.3.4
203 silly placeDep ROOT postcss-value-parser@4.2.0 OK for: autoprefixer@10.5.0 want: ^4.2.0
204 silly fetch manifest postcss@8.4.31
205 silly packumentCache full:https://registry.npmjs.org/postcss cache-hit
206 silly placeDep node_modules/next postcss@8.4.31 OK for: next@16.2.4 want: 8.4.31
207 silly fetch manifest postcss@^8.4.47
208 silly packumentCache full:https://registry.npmjs.org/postcss cache-hit
209 silly fetch manifest tsx@^4.8.1
210 silly packumentCache full:https://registry.npmjs.org/tsx cache-miss
211 http fetch GET 200 https://registry.npmjs.org/tsx 300ms (cache revalidated)
212 silly packumentCache full:https://registry.npmjs.org/tsx set size:289592 disposed:false
213 silly fetch manifest yaml@^2.4.2
214 silly packumentCache full:https://registry.npmjs.org/yaml cache-miss
215 http fetch GET 200 https://registry.npmjs.org/yaml 23ms (cache revalidated)
216 silly packumentCache full:https://registry.npmjs.org/yaml set size:375230 disposed:false
217 silly placeDep ROOT @alloc/quick-lru@5.2.0 OK for: tailwindcss@3.4.19 want: ^5.2.0
218 silly placeDep ROOT arg@5.0.2 OK for: tailwindcss@3.4.19 want: ^5.0.2
219 silly placeDep ROOT chokidar@3.6.0 OK for: tailwindcss@3.4.19 want: ^3.6.0
220 silly placeDep ROOT didyoumean@1.2.2 OK for: tailwindcss@3.4.19 want: ^1.2.2
221 silly placeDep ROOT dlv@1.1.3 OK for: tailwindcss@3.4.19 want: ^1.1.3
222 silly placeDep node_modules/tailwindcss fast-glob@3.3.3 OK for: tailwindcss@3.4.19 want: ^3.3.2
223 silly placeDep ROOT jiti@1.21.7 OK for: tailwindcss@3.4.19 want: ^1.21.7
224 silly placeDep ROOT lilconfig@3.1.3 OK for: tailwindcss@3.4.19 want: ^3.1.3
225 silly placeDep ROOT normalize-path@3.0.0 OK for: tailwindcss@3.4.19 want: ^3.0.0
226 silly placeDep ROOT object-hash@3.0.0 OK for: tailwindcss@3.4.19 want: ^3.0.0
227 silly placeDep ROOT postcss-import@15.1.0 OK for: tailwindcss@3.4.19 want: ^15.1.0
228 silly placeDep ROOT postcss-js@4.1.0 OK for: tailwindcss@3.4.19 want: ^4.0.1
229 silly placeDep ROOT postcss-load-config@6.0.1 OK for: tailwindcss@3.4.19 want: ^4.0.2 || ^5.0 || ^6.0
230 silly placeDep ROOT postcss-nested@6.2.0 OK for: tailwindcss@3.4.19 want: ^6.2.0
231 silly placeDep ROOT postcss-selector-parser@6.1.2 OK for: tailwindcss@3.4.19 want: ^6.1.2
232 silly placeDep node_modules/tailwindcss resolve@1.22.12 OK for: tailwindcss@3.4.19 want: ^1.22.8
233 silly placeDep ROOT sucrase@3.35.1 OK for: tailwindcss@3.4.19 want: ^3.35.0
234 silly fetch manifest anymatch@~3.1.2
235 silly packumentCache full:https://registry.npmjs.org/anymatch cache-miss
236 silly fetch manifest readdirp@~3.6.0
237 silly packumentCache full:https://registry.npmjs.org/readdirp cache-miss
238 silly fetch manifest glob-parent@~5.1.2
239 silly packumentCache full:https://registry.npmjs.org/glob-parent cache-miss
240 silly fetch manifest is-binary-path@~2.1.0
241 silly packumentCache full:https://registry.npmjs.org/is-binary-path cache-miss
242 silly fetch manifest normalize-path@~3.0.0
243 silly packumentCache full:https://registry.npmjs.org/normalize-path cache-hit
244 silly fetch manifest fsevents@~2.3.2
245 silly packumentCache full:https://registry.npmjs.org/fsevents cache-miss
246 silly fetch manifest glob-parent@^5.1.2
247 silly packumentCache full:https://registry.npmjs.org/glob-parent cache-miss
248 silly fetch manifest resolve@^1.1.7
249 silly packumentCache full:https://registry.npmjs.org/resolve cache-hit
250 silly fetch manifest read-cache@^1.0.0
251 silly packumentCache full:https://registry.npmjs.org/read-cache cache-miss
252 http cache https://registry.npmjs.org/glob-parent 20ms (cache hit)
253 silly packumentCache full:https://registry.npmjs.org/glob-parent set size:42445 disposed:false
254 silly fetch manifest camelcase-css@^2.0.1
255 silly packumentCache full:https://registry.npmjs.org/camelcase-css cache-miss
256 http cache https://registry.npmjs.org/glob-parent 23ms (cache hit)
257 silly packumentCache full:https://registry.npmjs.org/glob-parent set size:42445 disposed:false
258 silly packumentCache full:https://registry.npmjs.org/glob-parent dispose
259 silly fetch manifest postcss-selector-parser@^6.1.1
260 silly packumentCache full:https://registry.npmjs.org/postcss-selector-parser cache-hit
261 silly fetch manifest cssesc@^3.0.0
262 silly packumentCache full:https://registry.npmjs.org/cssesc cache-miss
263 http fetch GET 200 https://registry.npmjs.org/fsevents 35ms (cache revalidated)
264 silly packumentCache full:https://registry.npmjs.org/fsevents set size:182472 disposed:false
265 silly fetch manifest util-deprecate@^1.0.2
266 silly packumentCache full:https://registry.npmjs.org/util-deprecate cache-miss
267 http fetch GET 200 https://registry.npmjs.org/util-deprecate 27ms (cache revalidated)
268 silly packumentCache full:https://registry.npmjs.org/util-deprecate set size:6674 disposed:false
269 silly fetch manifest commander@^4.0.0
270 silly packumentCache full:https://registry.npmjs.org/commander cache-miss
271 http fetch GET 200 https://registry.npmjs.org/commander 27ms (cache revalidated)
272 silly packumentCache full:https://registry.npmjs.org/commander set size:306325 disposed:false
273 silly fetch manifest lines-and-columns@^1.1.6
274 silly packumentCache full:https://registry.npmjs.org/lines-and-columns cache-miss
275 http fetch GET 200 https://registry.npmjs.org/is-binary-path 316ms (cache revalidated)
276 silly packumentCache full:https://registry.npmjs.org/is-binary-path set size:13475 disposed:false
277 silly fetch manifest mz@^2.7.0
278 silly packumentCache full:https://registry.npmjs.org/mz cache-miss
279 http fetch GET 200 https://registry.npmjs.org/anymatch 320ms (cache revalidated)
280 silly packumentCache full:https://registry.npmjs.org/anymatch set size:42974 disposed:false
281 silly fetch manifest pirates@^4.0.1
282 silly packumentCache full:https://registry.npmjs.org/pirates cache-miss
283 http fetch GET 200 https://registry.npmjs.org/readdirp 322ms (cache revalidated)
284 silly packumentCache full:https://registry.npmjs.org/readdirp set size:107589 disposed:false
285 silly fetch manifest ts-interface-checker@^0.1.9
286 silly packumentCache full:https://registry.npmjs.org/ts-interface-checker cache-miss
287 http fetch GET 200 https://registry.npmjs.org/read-cache 324ms (cache revalidated)
288 silly packumentCache full:https://registry.npmjs.org/read-cache set size:3003 disposed:false
289 http fetch GET 200 https://registry.npmjs.org/cssesc 309ms (cache revalidated)
290 silly packumentCache full:https://registry.npmjs.org/cssesc set size:18815 disposed:false
291 http fetch GET 200 https://registry.npmjs.org/mz 50ms (cache revalidated)
292 silly packumentCache full:https://registry.npmjs.org/mz set size:42731 disposed:false
293 http fetch GET 200 https://registry.npmjs.org/lines-and-columns 310ms (cache revalidated)
294 silly packumentCache full:https://registry.npmjs.org/lines-and-columns set size:73796 disposed:false
295 http fetch GET 200 https://registry.npmjs.org/ts-interface-checker 301ms (cache revalidated)
296 silly packumentCache full:https://registry.npmjs.org/ts-interface-checker set size:58946 disposed:false
297 http fetch GET 200 https://registry.npmjs.org/camelcase-css 833ms (cache revalidated)
298 silly packumentCache full:https://registry.npmjs.org/camelcase-css set size:9392 disposed:false
299 http fetch GET 200 https://registry.npmjs.org/pirates 845ms (cache revalidated)
300 silly packumentCache full:https://registry.npmjs.org/pirates set size:51327 disposed:false
301 silly placeDep ROOT anymatch@3.1.3 OK for: chokidar@3.6.0 want: ~3.1.2
302 silly placeDep ROOT fsevents@2.3.3 OK for: chokidar@3.6.0 want: ~2.3.2
303 silly placeDep node_modules/chokidar glob-parent@5.1.2 OK for: chokidar@3.6.0 want: ~5.1.2
304 silly placeDep ROOT is-binary-path@2.1.0 OK for: chokidar@3.6.0 want: ~2.1.0
305 silly placeDep ROOT readdirp@3.6.0 OK for: chokidar@3.6.0 want: ~3.6.0
306 silly fetch manifest binary-extensions@^2.0.0
307 silly packumentCache full:https://registry.npmjs.org/binary-extensions cache-miss
308 http fetch GET 200 https://registry.npmjs.org/binary-extensions 300ms (cache revalidated)
309 silly packumentCache full:https://registry.npmjs.org/binary-extensions set size:51551 disposed:false
310 silly placeDep ROOT binary-extensions@2.3.0 OK for: is-binary-path@2.1.0 want: ^2.0.0
311 silly placeDep ROOT read-cache@1.0.0 OK for: postcss-import@15.1.0 want: ^1.0.0
312 silly placeDep node_modules/postcss-import resolve@1.22.12 OK for: postcss-import@15.1.0 want: ^1.1.7
313 silly fetch manifest pify@^2.3.0
314 silly packumentCache full:https://registry.npmjs.org/pify cache-miss
315 http fetch GET 200 https://registry.npmjs.org/pify 302ms (cache revalidated)
316 silly packumentCache full:https://registry.npmjs.org/pify set size:33583 disposed:false
317 silly placeDep ROOT camelcase-css@2.0.1 OK for: postcss-js@4.1.0 want: ^2.0.1
318 silly placeDep ROOT cssesc@3.0.0 OK for: postcss-selector-parser@6.1.2 want: ^3.0.0
319 silly placeDep ROOT util-deprecate@1.0.2 OK for: postcss-selector-parser@6.1.2 want: ^1.0.2
320 silly placeDep ROOT pify@2.3.0 OK for: read-cache@1.0.0 want: ^2.3.0
321 silly placeDep ROOT commander@4.1.1 OK for: sucrase@3.35.1 want: ^4.0.0
322 silly placeDep ROOT lines-and-columns@1.2.4 OK for: sucrase@3.35.1 want: ^1.1.6
323 silly placeDep ROOT mz@2.7.0 OK for: sucrase@3.35.1 want: ^2.7.0
324 silly placeDep ROOT pirates@4.0.7 OK for: sucrase@3.35.1 want: ^4.0.1
325 silly placeDep ROOT ts-interface-checker@0.1.13 OK for: sucrase@3.35.1 want: ^0.1.9
326 silly fetch manifest any-promise@^1.0.0
327 silly packumentCache full:https://registry.npmjs.org/any-promise cache-miss
328 silly fetch manifest thenify-all@^1.0.0
329 silly packumentCache full:https://registry.npmjs.org/thenify-all cache-miss
330 http fetch GET 200 https://registry.npmjs.org/thenify-all 251ms (cache revalidated)
331 silly packumentCache full:https://registry.npmjs.org/thenify-all set size:18488 disposed:false
332 http fetch GET 200 https://registry.npmjs.org/any-promise 258ms (cache revalidated)
333 silly packumentCache full:https://registry.npmjs.org/any-promise set size:20233 disposed:false
334 silly placeDep ROOT any-promise@1.3.0 OK for: mz@2.7.0 want: ^1.0.0
335 silly placeDep ROOT thenify-all@1.6.0 OK for: mz@2.7.0 want: ^1.0.0
336 silly fetch manifest thenify@>= 3.1.0 < 4
337 silly packumentCache full:https://registry.npmjs.org/thenify cache-miss
338 http fetch GET 200 https://registry.npmjs.org/thenify 27ms (cache revalidated)
339 silly packumentCache full:https://registry.npmjs.org/thenify set size:21379 disposed:false
340 silly placeDep ROOT thenify@3.3.1 OK for: thenify-all@1.6.0 want: >= 3.1.0 < 4
341 silly placeDep node_modules/tailwindcss/node_modules/fast-glob glob-parent@5.1.2 OK for: fast-glob@3.3.3 want: ^5.1.2
342 silly reify mark retired [ 'D:\\Portfolio\\node_modules\\postcss' ]
343 silly reify moves {
343 silly reify   'D:\\Portfolio\\node_modules\\postcss': 'D:\\Portfolio\\node_modules\\.postcss-yEnAb2b7'
343 silly reify }
344 silly audit bulk request {
344 silly audit   '@babel/code-frame': [ '7.29.0' ],
344 silly audit   '@babel/compat-data': [ '7.29.0' ],
344 silly audit   '@babel/core': [ '7.29.0' ],
344 silly audit   '@babel/generator': [ '7.29.1' ],
344 silly audit   '@babel/helper-compilation-targets': [ '7.28.6' ],
344 silly audit   '@babel/helper-globals': [ '7.28.0' ],
344 silly audit   '@babel/helper-module-imports': [ '7.28.6' ],
344 silly audit   '@babel/helper-module-transforms': [ '7.28.6' ],
344 silly audit   '@babel/helper-string-parser': [ '7.27.1' ],
344 silly audit   '@babel/helper-validator-identifier': [ '7.28.5' ],
344 silly audit   '@babel/helper-validator-option': [ '7.27.1' ],
344 silly audit   '@babel/helpers': [ '7.29.2' ],
344 silly audit   '@babel/parser': [ '7.29.2' ],
344 silly audit   '@babel/template': [ '7.28.6' ],
344 silly audit   '@babel/traverse': [ '7.29.0' ],
344 silly audit   '@babel/types': [ '7.29.0' ],
344 silly audit   '@emnapi/core': [ '1.10.0' ],
344 silly audit   '@emnapi/runtime': [ '1.10.0' ],
344 silly audit   '@emnapi/wasi-threads': [ '1.2.1' ],
344 silly audit   '@eslint-community/eslint-utils': [ '4.9.1' ],
344 silly audit   'eslint-visitor-keys': [ '3.4.3', '5.0.1', '4.2.1' ],
344 silly audit   '@eslint-community/regexpp': [ '4.12.2' ],
344 silly audit   '@eslint/config-array': [ '0.21.2' ],
344 silly audit   '@eslint/config-helpers': [ '0.4.2' ],
344 silly audit   '@eslint/core': [ '0.17.0' ],
344 silly audit   '@eslint/eslintrc': [ '3.3.5' ],
344 silly audit   '@eslint/js': [ '9.39.4' ],
344 silly audit   '@eslint/object-schema': [ '2.1.7' ],
344 silly audit   '@eslint/plugin-kit': [ '0.4.1' ],
344 silly audit   '@humanfs/core': [ '0.19.2' ],
344 silly audit   '@humanfs/node': [ '0.16.8' ],
344 silly audit   '@humanfs/types': [ '0.15.0' ],
344 silly audit   '@humanwhocodes/module-importer': [ '1.0.1' ],
344 silly audit   '@humanwhocodes/retry': [ '0.4.3' ],
344 silly audit   '@img/colour': [ '1.1.0' ],
344 silly audit   '@img/sharp-darwin-arm64': [ '0.34.5' ],
344 silly audit   '@img/sharp-darwin-x64': [ '0.34.5' ],
344 silly audit   '@img/sharp-libvips-darwin-arm64': [ '1.2.4' ],
344 silly audit   '@img/sharp-libvips-darwin-x64': [ '1.2.4' ],
344 silly audit   '@img/sharp-libvips-linux-arm': [ '1.2.4' ],
344 silly audit   '@img/sharp-libvips-linux-arm64': [ '1.2.4' ],
344 silly audit   '@img/sharp-libvips-linux-ppc64': [ '1.2.4' ],
344 silly audit   '@img/sharp-libvips-linux-riscv64': [ '1.2.4' ],
344 silly audit   '@img/sharp-libvips-linux-s390x': [ '1.2.4' ],
344 silly audit   '@img/sharp-libvips-linux-x64': [ '1.2.4' ],
344 silly audit   '@img/sharp-libvips-linuxmusl-arm64': [ '1.2.4' ],
344 silly audit   '@img/sharp-libvips-linuxmusl-x64': [ '1.2.4' ],
344 silly audit   '@img/sharp-linux-arm': [ '0.34.5' ],
344 silly audit   '@img/sharp-linux-arm64': [ '0.34.5' ],
344 silly audit   '@img/sharp-linux-ppc64': [ '0.34.5' ],
344 silly audit   '@img/sharp-linux-riscv64': [ '0.34.5' ],
344 silly audit   '@img/sharp-linux-s390x': [ '0.34.5' ],
344 silly audit   '@img/sharp-linux-x64': [ '0.34.5' ],
344 silly audit   '@img/sharp-linuxmusl-arm64': [ '0.34.5' ],
344 silly audit   '@img/sharp-linuxmusl-x64': [ '0.34.5' ],
344 silly audit   '@img/sharp-wasm32': [ '0.34.5' ],
344 silly audit   '@img/sharp-win32-arm64': [ '0.34.5' ],
344 silly audit   '@img/sharp-win32-ia32': [ '0.34.5' ],
344 silly audit   '@img/sharp-win32-x64': [ '0.34.5' ],
344 silly audit   '@jridgewell/gen-mapping': [ '0.3.13' ],
344 silly audit   '@jridgewell/remapping': [ '2.3.5' ],
344 silly audit   '@jridgewell/resolve-uri': [ '3.1.2' ],
344 silly audit   '@jridgewell/sourcemap-codec': [ '1.5.5' ],
344 silly audit   '@jridgewell/trace-mapping': [ '0.3.31' ],
344 silly audit   '@napi-rs/wasm-runtime': [ '0.2.12' ],
344 silly audit   '@next/env': [ '16.2.4' ],
344 silly audit   '@next/eslint-plugin-next': [ '16.2.4' ],
344 silly audit   '@next/swc-darwin-arm64': [ '16.2.4' ],
344 silly audit   '@next/swc-darwin-x64': [ '16.2.4' ],
344 silly audit   '@next/swc-linux-arm64-gnu': [ '16.2.4' ],
344 silly audit   '@next/swc-linux-arm64-musl': [ '16.2.4' ],
344 silly audit   '@next/swc-linux-x64-gnu': [ '16.2.4' ],
344 silly audit   '@next/swc-linux-x64-musl': [ '16.2.4' ],
344 silly audit   '@next/swc-win32-arm64-msvc': [ '16.2.4' ],
344 silly audit   '@next/swc-win32-x64-msvc': [ '16.2.4' ],
344 silly audit   '@nodelib/fs.scandir': [ '2.1.5' ],
344 silly audit   '@nodelib/fs.stat': [ '2.0.5' ],
344 silly audit   '@nodelib/fs.walk': [ '1.2.8' ],
344 silly audit   '@nolyfill/is-core-module': [ '1.0.39' ],
344 silly audit   '@rtsao/scc': [ '1.1.0' ],
344 silly audit   '@swc/helpers': [ '0.5.15' ],
344 silly audit   '@tybys/wasm-util': [ '0.10.1' ],
344 silly audit   '@types/estree': [ '1.0.8' ],
344 silly audit   '@types/json-schema': [ '7.0.15' ],
344 silly audit   '@types/json5': [ '0.0.29' ],
344 silly audit   '@types/node': [ '20.19.39' ],
344 silly audit   '@types/react': [ '19.2.14' ],
344 silly audit   '@types/react-dom': [ '19.2.3' ],
344 silly audit   '@typescript-eslint/eslint-plugin': [ '8.59.0' ],
344 silly audit   ignore: [ '7.0.5', '5.3.2' ],
344 silly audit   '@typescript-eslint/parser': [ '8.59.0' ],
344 silly audit   '@typescript-eslint/project-service': [ '8.59.0' ],
344 silly audit   '@typescript-eslint/scope-manager': [ '8.59.0' ],
344 silly audit   '@typescript-eslint/tsconfig-utils': [ '8.59.0' ],
344 silly audit   '@typescript-eslint/type-utils': [ '8.59.0' ],
344 silly audit   '@typescript-eslint/types': [ '8.59.0' ],
344 silly audit   '@typescript-eslint/typescript-estree': [ '8.59.0' ],
344 silly audit   'balanced-match': [ '4.0.4', '1.0.2' ],
344 silly audit   'brace-expansion': [ '5.0.5', '1.1.14' ],
344 silly audit   minimatch: [ '10.2.5', '3.1.5' ],
344 silly audit   semver: [ '7.7.4', '6.3.1' ],
344 silly audit   '@typescript-eslint/utils': [ '8.59.0' ],
344 silly audit   '@typescript-eslint/visitor-keys': [ '8.59.0' ],
344 silly audit   '@unrs/resolver-binding-android-arm-eabi': [ '1.11.1' ],
344 silly audit   '@unrs/resolver-binding-android-arm64': [ '1.11.1' ],
344 silly audit   '@unrs/resolver-binding-darwin-arm64': [ '1.11.1' ],
344 silly audit   '@unrs/resolver-binding-darwin-x64': [ '1.11.1' ],
344 silly audit   '@unrs/resolver-binding-freebsd-x64': [ '1.11.1' ],
344 silly audit   '@unrs/resolver-binding-linux-arm-gnueabihf': [ '1.11.1' ],
344 silly audit   '@unrs/resolver-binding-linux-arm-musleabihf': [ '1.11.1' ],
344 silly audit   '@unrs/resolver-binding-linux-arm64-gnu': [ '1.11.1' ],
344 silly audit   '@unrs/resolver-binding-linux-arm64-musl': [ '1.11.1' ],
344 silly audit   '@unrs/resolver-binding-linux-ppc64-gnu': [ '1.11.1' ],
344 silly audit   '@unrs/resolver-binding-linux-riscv64-gnu': [ '1.11.1' ],
344 silly audit   '@unrs/resolver-binding-linux-riscv64-musl': [ '1.11.1' ],
344 silly audit   '@unrs/resolver-binding-linux-s390x-gnu': [ '1.11.1' ],
344 silly audit   '@unrs/resolver-binding-linux-x64-gnu': [ '1.11.1' ],
344 silly audit   '@unrs/resolver-binding-linux-x64-musl': [ '1.11.1' ],
344 silly audit   '@unrs/resolver-binding-wasm32-wasi': [ '1.11.1' ],
344 silly audit   '@unrs/resolver-binding-win32-arm64-msvc': [ '1.11.1' ],
344 silly audit   '@unrs/resolver-binding-win32-ia32-msvc': [ '1.11.1' ],
344 silly audit   '@unrs/resolver-binding-win32-x64-msvc': [ '1.11.1' ],
344 silly audit   acorn: [ '8.16.0' ],
344 silly audit   'acorn-jsx': [ '5.3.2' ],
344 silly audit   ajv: [ '6.15.0' ],
344 silly audit   'ansi-styles': [ '4.3.0' ],
344 silly audit   argparse: [ '2.0.1' ],
344 silly audit   'aria-query': [ '5.3.2' ],
344 silly audit   'array-buffer-byte-length': [ '1.0.2' ],
344 silly audit   'array-includes': [ '3.1.9' ],
344 silly audit   'array.prototype.findlast': [ '1.2.5' ],
344 silly audit   'array.prototype.findlastindex': [ '1.2.6' ],
344 silly audit   'array.prototype.flat': [ '1.3.3' ],
344 silly audit   'array.prototype.flatmap': [ '1.3.3' ],
344 silly audit   'array.prototype.tosorted': [ '1.1.4' ],
344 silly audit   'arraybuffer.prototype.slice': [ '1.0.4' ],
344 silly audit   'ast-types-flow': [ '0.0.8' ],
344 silly audit   'async-function': [ '1.0.0' ],
344 silly audit   'available-typed-arrays': [ '1.0.7' ],
344 silly audit   'axe-core': [ '4.11.3' ],
344 silly audit   'axobject-query': [ '4.1.0' ],
344 silly audit   'baseline-browser-mapping': [ '2.10.21' ],
344 silly audit   braces: [ '3.0.3' ],
344 silly audit   browserslist: [ '4.28.2' ],
344 silly audit   'call-bind': [ '1.0.9' ],
344 silly audit   'call-bind-apply-helpers': [ '1.0.2' ],
344 silly audit   'call-bound': [ '1.0.4' ],
344 silly audit   callsites: [ '3.1.0' ],
344 silly audit   'caniuse-lite': [ '1.0.30001790' ],
344 silly audit   chalk: [ '4.1.2' ],
344 silly audit   'client-only': [ '0.0.1' ],
344 silly audit   clsx: [ '2.1.1' ],
344 silly audit   'color-convert': [ '2.0.1' ],
344 silly audit   'color-name': [ '1.1.4' ],
344 silly audit   'concat-map': [ '0.0.1' ],
344 silly audit   'convert-source-map': [ '2.0.0' ],
344 silly audit   'cross-spawn': [ '7.0.6' ],
344 silly audit   csstype: [ '3.2.3' ],
344 silly audit   'damerau-levenshtein': [ '1.0.8' ],
344 silly audit   'data-view-buffer': [ '1.0.2' ],
344 silly audit   'data-view-byte-length': [ '1.0.2' ],
344 silly audit   'data-view-byte-offset': [ '1.0.1' ],
344 silly audit   debug: [ '4.4.3', '3.2.7' ],
344 silly audit   'deep-is': [ '0.1.4' ],
344 silly audit   'define-data-property': [ '1.1.4' ],
344 silly audit   'define-properties': [ '1.2.1' ],
344 silly audit   'detect-libc': [ '2.1.2' ],
344 silly audit   doctrine: [ '2.1.0' ],
344 silly audit   'dunder-proto': [ '1.0.1' ],
344 silly audit   'electron-to-chromium': [ '1.5.344' ],
344 silly audit   'emoji-regex': [ '9.2.2' ],
344 silly audit   'es-abstract': [ '1.24.2' ],
344 silly audit   'es-define-property': [ '1.0.1' ],
344 silly audit   'es-errors': [ '1.3.0' ],
344 silly audit   'es-iterator-helpers': [ '1.3.2' ],
344 silly audit   'es-object-atoms': [ '1.1.1' ],
344 silly audit   'es-set-tostringtag': [ '2.1.0' ],
344 silly audit   'es-shim-unscopables': [ '1.1.0' ],
344 silly audit   'es-to-primitive': [ '1.3.0' ],
344 silly audit   escalade: [ '3.2.0' ],
344 silly audit   'escape-string-regexp': [ '4.0.0' ],
344 silly audit   eslint: [ '9.39.4' ],
344 silly audit   'eslint-config-next': [ '16.2.4' ],
344 silly audit   globals: [ '16.4.0', '14.0.0' ],
344 silly audit   'eslint-import-resolver-node': [ '0.3.10' ],
344 silly audit   'eslint-import-resolver-typescript': [ '3.10.1' ],
344 silly audit   'eslint-module-utils': [ '2.12.1' ],
344 silly audit   'eslint-plugin-import': [ '2.32.0' ],
344 silly audit   'eslint-plugin-jsx-a11y': [ '6.10.2' ],
344 silly audit   'eslint-plugin-react': [ '7.37.5' ],
344 silly audit   'eslint-plugin-react-hooks': [ '7.1.1' ],
344 silly audit   'eslint-scope': [ '8.4.0' ],
344 silly audit   espree: [ '10.4.0' ],
344 silly audit   esquery: [ '1.7.0' ],
344 silly audit   esrecurse: [ '4.3.0' ],
344 silly audit   estraverse: [ '5.3.0' ],
344 silly audit   esutils: [ '2.0.3' ],
344 silly audit   'fast-deep-equal': [ '3.1.3' ],
344 silly audit   'fast-glob': [ '3.3.1', '3.3.3' ],
344 silly audit   'glob-parent': [ '5.1.2', '6.0.2' ],
344 silly audit   'fast-json-stable-stringify': [ '2.1.0' ],
344 silly audit   'fast-levenshtein': [ '2.0.6' ],
344 silly audit   fastq: [ '1.20.1' ],
344 silly audit   'file-entry-cache': [ '8.0.0' ],
344 silly audit   'fill-range': [ '7.1.1' ],
344 silly audit   'find-up': [ '5.0.0' ],
344 silly audit   'flat-cache': [ '4.0.1' ],
344 silly audit   flatted: [ '3.4.2' ],
344 silly audit   'for-each': [ '0.3.5' ],
344 silly audit   'framer-motion': [ '12.38.0' ],
344 silly audit   'function-bind': [ '1.1.2' ],
344 silly audit   'function.prototype.name': [ '1.1.8' ],
344 silly audit   'functions-have-names': [ '1.2.3' ],
344 silly audit   'generator-function': [ '2.0.1' ],
344 silly audit   gensync: [ '1.0.0-beta.2' ],
344 silly audit   'get-intrinsic': [ '1.3.0' ],
344 silly audit   'get-proto': [ '1.0.1' ],
344 silly audit   'get-symbol-description': [ '1.1.0' ],
344 silly audit   'get-tsconfig': [ '4.14.0' ],
344 silly audit   globalthis: [ '1.0.4' ],
344 silly audit   gopd: [ '1.2.0' ],
344 silly audit   'has-bigints': [ '1.1.0' ],
344 silly audit   'has-flag': [ '4.0.0' ],
344 silly audit   'has-property-descriptors': [ '1.0.2' ],
344 silly audit   'has-proto': [ '1.2.0' ],
344 silly audit   'has-symbols': [ '1.1.0' ],
344 silly audit   'has-tostringtag': [ '1.0.2' ],
344 silly audit   hasown: [ '2.0.3' ],
344 silly audit   'hermes-estree': [ '0.25.1' ],
344 silly audit   'hermes-parser': [ '0.25.1' ],
344 silly audit   'import-fresh': [ '3.3.1' ],
344 silly audit   imurmurhash: [ '0.1.4' ],
344 silly audit   'internal-slot': [ '1.1.0' ],
344 silly audit   'is-array-buffer': [ '3.0.5' ],
344 silly audit   'is-async-function': [ '2.1.1' ],
344 silly audit   'is-bigint': [ '1.1.0' ],
344 silly audit   'is-boolean-object': [ '1.2.2' ],
344 silly audit   'is-bun-module': [ '2.0.0' ],
344 silly audit   'is-callable': [ '1.2.7' ],
344 silly audit   'is-core-module': [ '2.16.1' ],
344 silly audit   'is-data-view': [ '1.0.2' ],
344 silly audit   'is-date-object': [ '1.1.0' ],
344 silly audit   'is-extglob': [ '2.1.1' ],
344 silly audit   'is-finalizationregistry': [ '1.1.1' ],
344 silly audit   'is-generator-function': [ '1.1.2' ],
344 silly audit   'is-glob': [ '4.0.3' ],
344 silly audit   'is-map': [ '2.0.3' ],
344 silly audit   'is-negative-zero': [ '2.0.3' ],
344 silly audit   'is-number': [ '7.0.0' ],
344 silly audit   'is-number-object': [ '1.1.1' ],
344 silly audit   'is-regex': [ '1.2.1' ],
344 silly audit   'is-set': [ '2.0.3' ],
344 silly audit   'is-shared-array-buffer': [ '1.0.4' ],
344 silly audit   'is-string': [ '1.1.1' ],
344 silly audit   'is-symbol': [ '1.1.1' ],
344 silly audit   'is-typed-array': [ '1.1.15' ],
344 silly audit   'is-weakmap': [ '2.0.2' ],
344 silly audit   'is-weakref': [ '1.1.1' ],
344 silly audit   'is-weakset': [ '2.0.4' ],
344 silly audit   isarray: [ '2.0.5' ],
344 silly audit   isexe: [ '2.0.0' ],
344 silly audit   'iterator.prototype': [ '1.1.5' ],
344 silly audit   'js-tokens': [ '4.0.0' ],
344 silly audit   'js-yaml': [ '4.1.1' ],
344 silly audit   jsesc: [ '3.1.0' ],
344 silly audit   'json-buffer': [ '3.0.1' ],
344 silly audit   'json-schema-traverse': [ '0.4.1' ],
344 silly audit   'json-stable-stringify-without-jsonify': [ '1.0.1' ],
344 silly audit   json5: [ '2.2.3', '1.0.2' ],
344 silly audit   'jsx-ast-utils': [ '3.3.5' ],
344 silly audit   keyv: [ '4.5.4' ],
344 silly audit   'language-subtag-registry': [ '0.3.23' ],
344 silly audit   'language-tags': [ '1.0.9' ],
344 silly audit   levn: [ '0.4.1' ],
344 silly audit   'locate-path': [ '6.0.0' ],
344 silly audit   'lodash.merge': [ '4.6.2' ],
344 silly audit   'loose-envify': [ '1.4.0' ],
344 silly audit   'lru-cache': [ '5.1.1' ],
344 silly audit   'lucide-react': [ '1.9.0' ],
344 silly audit   'math-intrinsics': [ '1.1.0' ],
344 silly audit   merge2: [ '1.4.1' ],
344 silly audit   micromatch: [ '4.0.8' ],
344 silly audit   minimist: [ '1.2.8' ],
344 silly audit   'motion-dom': [ '12.38.0' ],
344 silly audit   'motion-utils': [ '12.36.0' ],
344 silly audit   ms: [ '2.1.3' ],
344 silly audit   nanoid: [ '3.3.11' ],
344 silly audit   'napi-postinstall': [ '0.3.4' ],
344 silly audit   'natural-compare': [ '1.4.0' ],
344 silly audit   next: [ '16.2.4' ],
344 silly audit   'node-exports-info': [ '1.6.0' ],
344 silly audit   'node-releases': [ '2.0.38' ],
344 silly audit   'object-assign': [ '4.1.1' ],
344 silly audit   'object-inspect': [ '1.13.4' ],
344 silly audit   'object-keys': [ '1.1.1' ],
344 silly audit   'object.assign': [ '4.1.7' ],
344 silly audit   'object.entries': [ '1.1.9' ],
344 silly audit   'object.fromentries': [ '2.0.8' ],
344 silly audit   'object.groupby': [ '1.0.3' ],
344 silly audit   'object.values': [ '1.2.1' ],
344 silly audit   optionator: [ '0.9.4' ],
344 silly audit   'own-keys': [ '1.0.1' ],
344 silly audit   'p-limit': [ '3.1.0' ],
344 silly audit   'p-locate': [ '5.0.0' ],
344 silly audit   'parent-module': [ '1.0.1' ],
344 silly audit   'path-exists': [ '4.0.0' ],
344 silly audit   'path-key': [ '3.1.1' ],
344 silly audit   'path-parse': [ '1.0.7' ],
344 silly audit   picocolors: [ '1.1.1' ],
344 silly audit   picomatch: [ '2.3.2', '4.0.4' ],
344 silly audit   'possible-typed-array-names': [ '1.1.0' ],
344 silly audit   'prelude-ls': [ '1.2.1' ],
344 silly audit   'prop-types': [ '15.8.1' ],
344 silly audit   punycode: [ '2.3.1' ],
344 silly audit   'queue-microtask': [ '1.2.3' ],
344 silly audit   react: [ '19.2.4' ],
344 silly audit   'react-colorful': [ '5.6.1' ],
344 silly audit   'react-dom': [ '19.2.4' ],
344 silly audit   'react-is': [ '16.13.1' ],
344 silly audit   'reflect.getprototypeof': [ '1.0.10' ],
344 silly audit   'regexp.prototype.flags': [ '1.5.4' ],
344 silly audit   resolve: [ '2.0.0-next.6', '1.22.12' ],
344 silly audit   'resolve-from': [ '4.0.0' ],
344 silly audit   'resolve-pkg-maps': [ '1.0.0' ],
344 silly audit   reusify: [ '1.1.0' ],
344 silly audit   'run-parallel': [ '1.2.0' ],
344 silly audit   'safe-array-concat': [ '1.1.4' ],
344 silly audit   'safe-push-apply': [ '1.0.0' ],
344 silly audit   'safe-regex-test': [ '1.1.0' ],
344 silly audit   scheduler: [ '0.27.0' ],
344 silly audit   'set-function-length': [ '1.2.2' ],
344 silly audit   'set-function-name': [ '2.0.2' ],
344 silly audit   'set-proto': [ '1.0.0' ],
344 silly audit   sharp: [ '0.34.5' ],
344 silly audit   'shebang-command': [ '2.0.0' ],
344 silly audit   'shebang-regex': [ '3.0.0' ],
344 silly audit   'side-channel': [ '1.1.0' ],
344 silly audit   'side-channel-list': [ '1.0.1' ],
344 silly audit   'side-channel-map': [ '1.0.1' ],
344 silly audit   'side-channel-weakmap': [ '1.0.2' ],
344 silly audit   'source-map-js': [ '1.2.1' ],
344 silly audit   'stable-hash': [ '0.0.5' ],
344 silly audit   'stop-iteration-iterator': [ '1.1.0' ],
344 silly audit   'string.prototype.includes': [ '2.0.1' ],
344 silly audit   'string.prototype.matchall': [ '4.0.12' ],
344 silly audit   'string.prototype.repeat': [ '1.0.0' ],
344 silly audit   'string.prototype.trim': [ '1.2.10' ],
344 silly audit   'string.prototype.trimend': [ '1.0.9' ],
344 silly audit   'string.prototype.trimstart': [ '1.0.8' ],
344 silly audit   'strip-bom': [ '3.0.0' ],
344 silly audit   'strip-json-comments': [ '3.1.1' ],
344 silly audit   'styled-jsx': [ '5.1.6' ],
344 silly audit   'supports-color': [ '7.2.0' ],
344 silly audit   'supports-preserve-symlinks-flag': [ '1.0.0' ],
344 silly audit   'tailwind-merge': [ '3.5.0' ],
344 silly audit   tinyglobby: [ '0.2.16' ],
344 silly audit   fdir: [ '6.5.0' ],
344 silly audit   'to-regex-range': [ '5.0.1' ],
344 silly audit   'ts-api-utils': [ '2.5.0' ],
344 silly audit   'tsconfig-paths': [ '3.15.0' ],
344 silly audit   tslib: [ '2.8.1' ],
344 silly audit   'type-check': [ '0.4.0' ],
344 silly audit   'typed-array-buffer': [ '1.0.3' ],
344 silly audit   'typed-array-byte-length': [ '1.0.3' ],
344 silly audit   'typed-array-byte-offset': [ '1.0.4' ],
344 silly audit   'typed-array-length': [ '1.0.7' ],
344 silly audit   typescript: [ '5.9.3' ],
344 silly audit   'typescript-eslint': [ '8.59.0' ],
344 silly audit   'unbox-primitive': [ '1.1.0' ],
344 silly audit   'undici-types': [ '6.21.0' ],
344 silly audit   'unrs-resolver': [ '1.11.1' ],
344 silly audit   'update-browserslist-db': [ '1.2.3' ],
344 silly audit   'uri-js': [ '4.4.1' ],
344 silly audit   which: [ '2.0.2' ],
344 silly audit   'which-boxed-primitive': [ '1.1.1' ],
344 silly audit   'which-builtin-type': [ '1.2.1' ],
344 silly audit   'which-collection': [ '1.0.2' ],
344 silly audit   'which-typed-array': [ '1.1.20' ],
344 silly audit   'word-wrap': [ '1.2.5' ],
344 silly audit   yallist: [ '3.1.1' ],
344 silly audit   'yocto-queue': [ '0.1.0' ],
344 silly audit   zod: [ '4.3.6' ],
344 silly audit   'zod-validation-error': [ '4.0.2' ],
344 silly audit   autoprefixer: [ '10.5.0' ],
344 silly audit   postcss: [ '8.5.10', '8.4.31' ],
344 silly audit   prettier: [ '3.8.3' ],
344 silly audit   'prettier-plugin-tailwindcss': [ '0.0.0-insiders.f7d2598' ],
344 silly audit   tailwindcss: [ '3.4.19' ],
344 silly audit   'fraction.js': [ '5.3.4' ],
344 silly audit   'postcss-value-parser': [ '4.2.0' ],
344 silly audit   '@alloc/quick-lru': [ '5.2.0' ],
344 silly audit   arg: [ '5.0.2' ],
344 silly audit   chokidar: [ '3.6.0' ],
344 silly audit   didyoumean: [ '1.2.2' ],
344 silly audit   dlv: [ '1.1.3' ],
344 silly audit   jiti: [ '1.21.7' ],
344 silly audit   lilconfig: [ '3.1.3' ],
344 silly audit   'normalize-path': [ '3.0.0' ],
344 silly audit   'object-hash': [ '3.0.0' ],
344 silly audit   'postcss-import': [ '15.1.0' ],
344 silly audit   'postcss-js': [ '4.1.0' ],
344 silly audit   'postcss-load-config': [ '6.0.1' ],
344 silly audit   'postcss-nested': [ '6.2.0' ],
344 silly audit   'postcss-selector-parser': [ '6.1.2' ],
344 silly audit   sucrase: [ '3.35.1' ],
344 silly audit   anymatch: [ '3.1.3' ],
344 silly audit   fsevents: [ '2.3.3' ],
344 silly audit   'is-binary-path': [ '2.1.0' ],
344 silly audit   readdirp: [ '3.6.0' ],
344 silly audit   'binary-extensions': [ '2.3.0' ],
344 silly audit   'read-cache': [ '1.0.0' ],
344 silly audit   'camelcase-css': [ '2.0.1' ],
344 silly audit   cssesc: [ '3.0.0' ],
344 silly audit   'util-deprecate': [ '1.0.2' ],
344 silly audit   pify: [ '2.3.0' ],
344 silly audit   commander: [ '4.1.1' ],
344 silly audit   'lines-and-columns': [ '1.2.4' ],
344 silly audit   mz: [ '2.7.0' ],
344 silly audit   pirates: [ '4.0.7' ],
344 silly audit   'ts-interface-checker': [ '0.1.13' ],
344 silly audit   'any-promise': [ '1.3.0' ],
344 silly audit   'thenify-all': [ '1.6.0' ],
344 silly audit   thenify: [ '3.3.1' ]
344 silly audit }
345 http cache thenify@https://registry.npmjs.org/thenify/-/thenify-3.3.1.tgz 0ms (cache hit)
346 http cache thenify-all@https://registry.npmjs.org/thenify-all/-/thenify-all-1.6.0.tgz 0ms (cache hit)
347 http cache any-promise@https://registry.npmjs.org/any-promise/-/any-promise-1.3.0.tgz 0ms (cache hit)
348 http cache mz@https://registry.npmjs.org/mz/-/mz-2.7.0.tgz 0ms (cache hit)
349 http cache lines-and-columns@https://registry.npmjs.org/lines-and-columns/-/lines-and-columns-1.2.4.tgz 0ms (cache hit)
350 http cache ts-interface-checker@https://registry.npmjs.org/ts-interface-checker/-/ts-interface-checker-0.1.13.tgz 0ms (cache hit)
351 http cache pirates@https://registry.npmjs.org/pirates/-/pirates-4.0.7.tgz 0ms (cache hit)
352 http cache pify@https://registry.npmjs.org/pify/-/pify-2.3.0.tgz 0ms (cache hit)
353 http cache commander@https://registry.npmjs.org/commander/-/commander-4.1.1.tgz 1ms (cache hit)
354 http cache camelcase-css@https://registry.npmjs.org/camelcase-css/-/camelcase-css-2.0.1.tgz 0ms (cache hit)
355 http cache cssesc@https://registry.npmjs.org/cssesc/-/cssesc-3.0.0.tgz 0ms (cache hit)
356 http cache read-cache@https://registry.npmjs.org/read-cache/-/read-cache-1.0.0.tgz 0ms (cache hit)
357 http cache util-deprecate@https://registry.npmjs.org/util-deprecate/-/util-deprecate-1.0.2.tgz 0ms (cache hit)
358 http cache binary-extensions@https://registry.npmjs.org/binary-extensions/-/binary-extensions-2.3.0.tgz 0ms (cache hit)
359 http cache readdirp@https://registry.npmjs.org/readdirp/-/readdirp-3.6.0.tgz 0ms (cache hit)
360 http cache sucrase@https://registry.npmjs.org/sucrase/-/sucrase-3.35.1.tgz 0ms (cache hit)
361 http cache anymatch@https://registry.npmjs.org/anymatch/-/anymatch-3.1.3.tgz 0ms (cache hit)
362 http cache postcss-selector-parser@https://registry.npmjs.org/postcss-selector-parser/-/postcss-selector-parser-6.1.2.tgz 0ms (cache hit)
363 http cache is-binary-path@https://registry.npmjs.org/is-binary-path/-/is-binary-path-2.1.0.tgz 0ms (cache hit)
364 http cache postcss-js@https://registry.npmjs.org/postcss-js/-/postcss-js-4.1.0.tgz 0ms (cache hit)
365 http cache postcss-load-config@https://registry.npmjs.org/postcss-load-config/-/postcss-load-config-6.0.1.tgz 0ms (cache hit)
366 http cache postcss-nested@https://registry.npmjs.org/postcss-nested/-/postcss-nested-6.2.0.tgz 0ms (cache hit)
367 http cache object-hash@https://registry.npmjs.org/object-hash/-/object-hash-3.0.0.tgz 0ms (cache hit)
368 http cache postcss-import@https://registry.npmjs.org/postcss-import/-/postcss-import-15.1.0.tgz 0ms (cache hit)
369 http cache normalize-path@https://registry.npmjs.org/normalize-path/-/normalize-path-3.0.0.tgz 0ms (cache hit)
370 http cache lilconfig@https://registry.npmjs.org/lilconfig/-/lilconfig-3.1.3.tgz 0ms (cache hit)
371 http cache @alloc/quick-lru@https://registry.npmjs.org/@alloc/quick-lru/-/quick-lru-5.2.0.tgz 0ms (cache hit)
372 http cache dlv@https://registry.npmjs.org/dlv/-/dlv-1.1.3.tgz 0ms (cache hit)
373 http cache jiti@https://registry.npmjs.org/jiti/-/jiti-1.21.7.tgz 0ms (cache hit)
374 http cache arg@https://registry.npmjs.org/arg/-/arg-5.0.2.tgz 0ms (cache hit)
375 http cache chokidar@https://registry.npmjs.org/chokidar/-/chokidar-3.6.0.tgz 0ms (cache hit)
376 http cache didyoumean@https://registry.npmjs.org/didyoumean/-/didyoumean-1.2.2.tgz 0ms (cache hit)
377 http cache fraction.js@https://registry.npmjs.org/fraction.js/-/fraction.js-5.3.4.tgz 0ms (cache hit)
378 http cache postcss-value-parser@https://registry.npmjs.org/postcss-value-parser/-/postcss-value-parser-4.2.0.tgz 0ms (cache hit)
379 http cache tailwindcss@https://registry.npmjs.org/tailwindcss/-/tailwindcss-3.4.19.tgz 0ms (cache hit)
380 http cache prettier-plugin-tailwindcss@https://registry.npmjs.org/prettier-plugin-tailwindcss/-/prettier-plugin-tailwindcss-0.0.0-insiders.f7d2598.tgz 0ms (cache hit)
381 http cache glob-parent@https://registry.npmjs.org/glob-parent/-/glob-parent-5.1.2.tgz 0ms (cache hit)
382 http cache autoprefixer@https://registry.npmjs.org/autoprefixer/-/autoprefixer-10.5.0.tgz 0ms (cache hit)
383 http cache prettier@https://registry.npmjs.org/prettier/-/prettier-3.8.3.tgz 0ms (cache hit)
384 http cache resolve@https://registry.npmjs.org/resolve/-/resolve-1.22.12.tgz 0ms (cache hit)
385 http cache postcss@https://registry.npmjs.org/postcss/-/postcss-8.5.10.tgz 0ms (cache hit)
386 http cache resolve@https://registry.npmjs.org/resolve/-/resolve-1.22.12.tgz 1ms (cache hit)
387 http cache glob-parent@https://registry.npmjs.org/glob-parent/-/glob-parent-5.1.2.tgz 0ms (cache hit)
388 http cache postcss@https://registry.npmjs.org/postcss/-/postcss-8.4.31.tgz 0ms (cache hit)
389 http cache fast-glob@https://registry.npmjs.org/fast-glob/-/fast-glob-3.3.3.tgz 0ms (cache hit)
390 http fetch POST 200 https://registry.npmjs.org/-/npm/v1/security/advisories/bulk 276ms
391 silly audit report {}
392 silly ADD node_modules/thenify
393 silly ADD node_modules/thenify-all
394 silly ADD node_modules/any-promise
395 silly ADD node_modules/ts-interface-checker
396 silly ADD node_modules/pirates
397 silly ADD node_modules/mz
398 silly ADD node_modules/lines-and-columns
399 silly ADD node_modules/commander
400 silly ADD node_modules/pify
401 silly ADD node_modules/util-deprecate
402 silly ADD node_modules/cssesc
403 silly ADD node_modules/camelcase-css
404 silly ADD node_modules/read-cache
405 silly ADD node_modules/binary-extensions
406 silly ADD node_modules/readdirp
407 silly ADD node_modules/is-binary-path
408 silly ADD node_modules/anymatch
409 silly ADD node_modules/sucrase
410 silly ADD node_modules/postcss-selector-parser
411 silly ADD node_modules/postcss-nested
412 silly ADD node_modules/postcss-load-config
413 silly ADD node_modules/postcss-js
414 silly ADD node_modules/postcss-import
415 silly ADD node_modules/postcss-import/node_modules/resolve
416 silly ADD node_modules/object-hash
417 silly ADD node_modules/normalize-path
418 silly ADD node_modules/lilconfig
419 silly ADD node_modules/jiti
420 silly ADD node_modules/dlv
421 silly ADD node_modules/didyoumean
422 silly ADD node_modules/chokidar
423 silly ADD node_modules/chokidar/node_modules/glob-parent
424 silly ADD node_modules/arg
425 silly ADD node_modules/@alloc/quick-lru
426 silly ADD node_modules/postcss-value-parser
427 silly ADD node_modules/fraction.js
428 silly ADD node_modules/tailwindcss
429 silly ADD node_modules/tailwindcss/node_modules/resolve
430 silly ADD node_modules/tailwindcss/node_modules/fast-glob
431 silly ADD node_modules/tailwindcss/node_modules/fast-glob/node_modules/glob-parent
432 silly ADD node_modules/prettier-plugin-tailwindcss
433 silly ADD node_modules/prettier
434 silly ADD node_modules/autoprefixer
435 silly CHANGE node_modules/postcss
436 silly ADD node_modules/next/node_modules/postcss
437 verbose cwd D:\Portfolio
438 verbose os Windows_NT 10.0.26200
439 verbose node v24.14.1
440 verbose npm  v11.11.0
441 verbose exit 0
442 info ok
